{"message":"failed to resolve: use of undeclared type `RwLock`","code":{"code":"E0433","explanation":"An undeclared crate, module, or type was used.\n\nErroneous code example:\n\n```compile_fail,E0433\nlet map = HashMap::new();\n// error: failed to resolve: use of undeclared type `HashMap`\n```\n\nPlease verify you didn't misspell the type/module's name or that you didn't\nforget to import it:\n\n```\nuse std::collections::HashMap; // HashMap has been imported.\nlet map: HashMap<u32, u32> = HashMap::new(); // So it can be used!\n```\n\nIf you've expected to use a crate name:\n\n```compile_fail\nuse ferris_wheel::BigO;\n// error: failed to resolve: use of undeclared crate or module `ferris_wheel`\n```\n\nMake sure the crate has been added as a dependency in `Cargo.toml`.\n\nTo use a module from your current crate, add the `crate::` prefix to the path.\n"},"level":"error","spans":[{"file_name":"src/lib.rs","byte_start":2099,"byte_end":2105,"line_start":79,"line_end":79,"column_start":60,"column_end":66,"is_primary":true,"text":[{"text":"    pub static ref DRIVERS: RwLock<Vec<Arc<dyn Driver>>> = RwLock::new(Vec::new());","highlight_start":60,"highlight_end":66}],"label":"use of undeclared type `RwLock`","suggested_replacement":null,"suggestion_applicability":null,"expansion":null}],"children":[],"rendered":"\u001b[0m\u001b[1m\u001b[38;5;9merror[E0433]\u001b[0m\u001b[0m\u001b[1m: failed to resolve: use of undeclared type `RwLock`\u001b[0m\n\u001b[0m  \u001b[0m\u001b[0m\u001b[1m\u001b[38;5;12m--> \u001b[0m\u001b[0msrc/lib.rs:79:60\u001b[0m\n\u001b[0m   \u001b[0m\u001b[0m\u001b[1m\u001b[38;5;12m|\u001b[0m\n\u001b[0m\u001b[1m\u001b[38;5;12m79\u001b[0m\u001b[0m \u001b[0m\u001b[0m\u001b[1m\u001b[38;5;12m| \u001b[0m\u001b[0m    pub static ref DRIVERS: RwLock<Vec<Arc<dyn Driver>>> = RwLock::new(Vec::new());\u001b[0m\n\u001b[0m   \u001b[0m\u001b[0m\u001b[1m\u001b[38;5;12m| \u001b[0m\u001b[0m                                                           \u001b[0m\u001b[0m\u001b[1m\u001b[38;5;9m^^^^^^\u001b[0m\u001b[0m \u001b[0m\u001b[0m\u001b[1m\u001b[38;5;9muse of undeclared type `RwLock`\u001b[0m\n\n"}
{"message":"failed to resolve: use of undeclared type `RwLock`","code":{"code":"E0433","explanation":"An undeclared crate, module, or type was used.\n\nErroneous code example:\n\n```compile_fail,E0433\nlet map = HashMap::new();\n// error: failed to resolve: use of undeclared type `HashMap`\n```\n\nPlease verify you didn't misspell the type/module's name or that you didn't\nforget to import it:\n\n```\nuse std::collections::HashMap; // HashMap has been imported.\nlet map: HashMap<u32, u32> = HashMap::new(); // So it can be used!\n```\n\nIf you've expected to use a crate name:\n\n```compile_fail\nuse ferris_wheel::BigO;\n// error: failed to resolve: use of undeclared crate or module `ferris_wheel`\n```\n\nMake sure the crate has been added as a dependency in `Cargo.toml`.\n\nTo use a module from your current crate, add the `crate::` prefix to the path.\n"},"level":"error","spans":[{"file_name":"src/lib.rs","byte_start":2190,"byte_end":2196,"line_start":80,"line_end":80,"column_start":67,"column_end":73,"is_primary":true,"text":[{"text":"    pub static ref NET_DRIVERS: RwLock<Vec<Arc<dyn NetDriver>>> = RwLock::new(Vec::new());","highlight_start":67,"highlight_end":73}],"label":"use of undeclared type `RwLock`","suggested_replacement":null,"suggestion_applicability":null,"expansion":null}],"children":[],"rendered":"\u001b[0m\u001b[1m\u001b[38;5;9merror[E0433]\u001b[0m\u001b[0m\u001b[1m: failed to resolve: use of undeclared type `RwLock`\u001b[0m\n\u001b[0m  \u001b[0m\u001b[0m\u001b[1m\u001b[38;5;12m--> \u001b[0m\u001b[0msrc/lib.rs:80:67\u001b[0m\n\u001b[0m   \u001b[0m\u001b[0m\u001b[1m\u001b[38;5;12m|\u001b[0m\n\u001b[0m\u001b[1m\u001b[38;5;12m80\u001b[0m\u001b[0m \u001b[0m\u001b[0m\u001b[1m\u001b[38;5;12m| \u001b[0m\u001b[0m    pub static ref NET_DRIVERS: RwLock<Vec<Arc<dyn NetDriver>>> = RwLock::new(Vec::new());\u001b[0m\n\u001b[0m   \u001b[0m\u001b[0m\u001b[1m\u001b[38;5;12m| \u001b[0m\u001b[0m                                                                  \u001b[0m\u001b[0m\u001b[1m\u001b[38;5;9m^^^^^^\u001b[0m\u001b[0m \u001b[0m\u001b[0m\u001b[1m\u001b[38;5;9muse of undeclared type `RwLock`\u001b[0m\n\n"}
{"message":"cannot find type `RwLock` in this scope","code":{"code":"E0412","explanation":"A used type name is not in scope.\n\nErroneous code examples:\n\n```compile_fail,E0412\nimpl Something {} // error: type name `Something` is not in scope\n\n// or:\n\ntrait Foo {\n    fn bar(N); // error: type name `N` is not in scope\n}\n\n// or:\n\nfn foo(x: T) {} // type name `T` is not in scope\n```\n\nTo fix this error, please verify you didn't misspell the type name, you did\ndeclare it or imported it into the scope. Examples:\n\n```\nstruct Something;\n\nimpl Something {} // ok!\n\n// or:\n\ntrait Foo {\n    type N;\n\n    fn bar(_: Self::N); // ok!\n}\n\n// or:\n\nfn foo<T>(x: T) {} // ok!\n```\n\nAnother case that causes this error is when a type is imported into a parent\nmodule. To fix this, you can follow the suggestion and use File directly or\n`use super::File;` which will import the types from the parent namespace. An\nexample that causes this error is below:\n\n```compile_fail,E0412\nuse std::fs::File;\n\nmod foo {\n    fn some_function(f: File) {}\n}\n```\n\n```\nuse std::fs::File;\n\nmod foo {\n    // either\n    use super::File;\n    // or\n    // use std::fs::File;\n    fn foo(f: File) {}\n}\n# fn main() {} // don't insert it for us; that'll break imports\n```\n"},"level":"error","spans":[{"file_name":"src/lib.rs","byte_start":2068,"byte_end":2074,"line_start":79,"line_end":79,"column_start":29,"column_end":35,"is_primary":true,"text":[{"text":"    pub static ref DRIVERS: RwLock<Vec<Arc<dyn Driver>>> = RwLock::new(Vec::new());","highlight_start":29,"highlight_end":35}],"label":"not found in this scope","suggested_replacement":null,"suggestion_applicability":null,"expansion":null}],"children":[],"rendered":"\u001b[0m\u001b[1m\u001b[38;5;9merror[E0412]\u001b[0m\u001b[0m\u001b[1m: cannot find type `RwLock` in this scope\u001b[0m\n\u001b[0m  \u001b[0m\u001b[0m\u001b[1m\u001b[38;5;12m--> \u001b[0m\u001b[0msrc/lib.rs:79:29\u001b[0m\n\u001b[0m   \u001b[0m\u001b[0m\u001b[1m\u001b[38;5;12m|\u001b[0m\n\u001b[0m\u001b[1m\u001b[38;5;12m79\u001b[0m\u001b[0m \u001b[0m\u001b[0m\u001b[1m\u001b[38;5;12m| \u001b[0m\u001b[0m    pub static ref DRIVERS: RwLock<Vec<Arc<dyn Driver>>> = RwLock::new(Vec::new());\u001b[0m\n\u001b[0m   \u001b[0m\u001b[0m\u001b[1m\u001b[38;5;12m| \u001b[0m\u001b[0m                            \u001b[0m\u001b[0m\u001b[1m\u001b[38;5;9m^^^^^^\u001b[0m\u001b[0m \u001b[0m\u001b[0m\u001b[1m\u001b[38;5;9mnot found in this scope\u001b[0m\n\n"}
{"message":"cannot find type `Arc` in this scope","code":{"code":"E0412","explanation":"A used type name is not in scope.\n\nErroneous code examples:\n\n```compile_fail,E0412\nimpl Something {} // error: type name `Something` is not in scope\n\n// or:\n\ntrait Foo {\n    fn bar(N); // error: type name `N` is not in scope\n}\n\n// or:\n\nfn foo(x: T) {} // type name `T` is not in scope\n```\n\nTo fix this error, please verify you didn't misspell the type name, you did\ndeclare it or imported it into the scope. Examples:\n\n```\nstruct Something;\n\nimpl Something {} // ok!\n\n// or:\n\ntrait Foo {\n    type N;\n\n    fn bar(_: Self::N); // ok!\n}\n\n// or:\n\nfn foo<T>(x: T) {} // ok!\n```\n\nAnother case that causes this error is when a type is imported into a parent\nmodule. To fix this, you can follow the suggestion and use File directly or\n`use super::File;` which will import the types from the parent namespace. An\nexample that causes this error is below:\n\n```compile_fail,E0412\nuse std::fs::File;\n\nmod foo {\n    fn some_function(f: File) {}\n}\n```\n\n```\nuse std::fs::File;\n\nmod foo {\n    // either\n    use super::File;\n    // or\n    // use std::fs::File;\n    fn foo(f: File) {}\n}\n# fn main() {} // don't insert it for us; that'll break imports\n```\n"},"level":"error","spans":[{"file_name":"src/lib.rs","byte_start":2079,"byte_end":2082,"line_start":79,"line_end":79,"column_start":40,"column_end":43,"is_primary":true,"text":[{"text":"    pub static ref DRIVERS: RwLock<Vec<Arc<dyn Driver>>> = RwLock::new(Vec::new());","highlight_start":40,"highlight_end":43}],"label":"not found in this scope","suggested_replacement":null,"suggestion_applicability":null,"expansion":null}],"children":[{"message":"consider importing this struct","code":null,"level":"help","spans":[{"file_name":"src/lib.rs","byte_start":31,"byte_end":31,"line_start":3,"line_end":3,"column_start":1,"column_end":1,"is_primary":true,"text":[{"text":"use alloc::string::String;","highlight_start":1,"highlight_end":1}],"label":null,"suggested_replacement":"use alloc::sync::Arc;\n","suggestion_applicability":"Unspecified","expansion":null}],"children":[],"rendered":null}],"rendered":"\u001b[0m\u001b[1m\u001b[38;5;9merror[E0412]\u001b[0m\u001b[0m\u001b[1m: cannot find type `Arc` in this scope\u001b[0m\n\u001b[0m  \u001b[0m\u001b[0m\u001b[1m\u001b[38;5;12m--> \u001b[0m\u001b[0msrc/lib.rs:79:40\u001b[0m\n\u001b[0m   \u001b[0m\u001b[0m\u001b[1m\u001b[38;5;12m|\u001b[0m\n\u001b[0m\u001b[1m\u001b[38;5;12m79\u001b[0m\u001b[0m \u001b[0m\u001b[0m\u001b[1m\u001b[38;5;12m| \u001b[0m\u001b[0m    pub static ref DRIVERS: RwLock<Vec<Arc<dyn Driver>>> = RwLock::new(Vec::new());\u001b[0m\n\u001b[0m   \u001b[0m\u001b[0m\u001b[1m\u001b[38;5;12m| \u001b[0m\u001b[0m                                       \u001b[0m\u001b[0m\u001b[1m\u001b[38;5;9m^^^\u001b[0m\u001b[0m \u001b[0m\u001b[0m\u001b[1m\u001b[38;5;9mnot found in this scope\u001b[0m\n\u001b[0m   \u001b[0m\u001b[0m\u001b[1m\u001b[38;5;12m|\u001b[0m\n\u001b[0m\u001b[1m\u001b[38;5;14mhelp\u001b[0m\u001b[0m: consider importing this struct\u001b[0m\n\u001b[0m   \u001b[0m\u001b[0m\u001b[1m\u001b[38;5;12m|\u001b[0m\n\u001b[0m\u001b[1m\u001b[38;5;12m3\u001b[0m\u001b[0m  \u001b[0m\u001b[0m\u001b[1m\u001b[38;5;12m| \u001b[0m\u001b[0muse alloc::sync::Arc;\u001b[0m\n\u001b[0m   \u001b[0m\u001b[0m\u001b[1m\u001b[38;5;12m|\u001b[0m\n\n"}
{"message":"cannot find type `RwLock` in this scope","code":{"code":"E0412","explanation":"A used type name is not in scope.\n\nErroneous code examples:\n\n```compile_fail,E0412\nimpl Something {} // error: type name `Something` is not in scope\n\n// or:\n\ntrait Foo {\n    fn bar(N); // error: type name `N` is not in scope\n}\n\n// or:\n\nfn foo(x: T) {} // type name `T` is not in scope\n```\n\nTo fix this error, please verify you didn't misspell the type name, you did\ndeclare it or imported it into the scope. Examples:\n\n```\nstruct Something;\n\nimpl Something {} // ok!\n\n// or:\n\ntrait Foo {\n    type N;\n\n    fn bar(_: Self::N); // ok!\n}\n\n// or:\n\nfn foo<T>(x: T) {} // ok!\n```\n\nAnother case that causes this error is when a type is imported into a parent\nmodule. To fix this, you can follow the suggestion and use File directly or\n`use super::File;` which will import the types from the parent namespace. An\nexample that causes this error is below:\n\n```compile_fail,E0412\nuse std::fs::File;\n\nmod foo {\n    fn some_function(f: File) {}\n}\n```\n\n```\nuse std::fs::File;\n\nmod foo {\n    // either\n    use super::File;\n    // or\n    // use std::fs::File;\n    fn foo(f: File) {}\n}\n# fn main() {} // don't insert it for us; that'll break imports\n```\n"},"level":"error","spans":[{"file_name":"src/lib.rs","byte_start":2156,"byte_end":2162,"line_start":80,"line_end":80,"column_start":33,"column_end":39,"is_primary":true,"text":[{"text":"    pub static ref NET_DRIVERS: RwLock<Vec<Arc<dyn NetDriver>>> = RwLock::new(Vec::new());","highlight_start":33,"highlight_end":39}],"label":"not found in this scope","suggested_replacement":null,"suggestion_applicability":null,"expansion":null}],"children":[],"rendered":"\u001b[0m\u001b[1m\u001b[38;5;9merror[E0412]\u001b[0m\u001b[0m\u001b[1m: cannot find type `RwLock` in this scope\u001b[0m\n\u001b[0m  \u001b[0m\u001b[0m\u001b[1m\u001b[38;5;12m--> \u001b[0m\u001b[0msrc/lib.rs:80:33\u001b[0m\n\u001b[0m   \u001b[0m\u001b[0m\u001b[1m\u001b[38;5;12m|\u001b[0m\n\u001b[0m\u001b[1m\u001b[38;5;12m80\u001b[0m\u001b[0m \u001b[0m\u001b[0m\u001b[1m\u001b[38;5;12m| \u001b[0m\u001b[0m    pub static ref NET_DRIVERS: RwLock<Vec<Arc<dyn NetDriver>>> = RwLock::new(Vec::new());\u001b[0m\n\u001b[0m   \u001b[0m\u001b[0m\u001b[1m\u001b[38;5;12m| \u001b[0m\u001b[0m                                \u001b[0m\u001b[0m\u001b[1m\u001b[38;5;9m^^^^^^\u001b[0m\u001b[0m \u001b[0m\u001b[0m\u001b[1m\u001b[38;5;9mnot found in this scope\u001b[0m\n\n"}
{"message":"cannot find type `Arc` in this scope","code":{"code":"E0412","explanation":"A used type name is not in scope.\n\nErroneous code examples:\n\n```compile_fail,E0412\nimpl Something {} // error: type name `Something` is not in scope\n\n// or:\n\ntrait Foo {\n    fn bar(N); // error: type name `N` is not in scope\n}\n\n// or:\n\nfn foo(x: T) {} // type name `T` is not in scope\n```\n\nTo fix this error, please verify you didn't misspell the type name, you did\ndeclare it or imported it into the scope. Examples:\n\n```\nstruct Something;\n\nimpl Something {} // ok!\n\n// or:\n\ntrait Foo {\n    type N;\n\n    fn bar(_: Self::N); // ok!\n}\n\n// or:\n\nfn foo<T>(x: T) {} // ok!\n```\n\nAnother case that causes this error is when a type is imported into a parent\nmodule. To fix this, you can follow the suggestion and use File directly or\n`use super::File;` which will import the types from the parent namespace. An\nexample that causes this error is below:\n\n```compile_fail,E0412\nuse std::fs::File;\n\nmod foo {\n    fn some_function(f: File) {}\n}\n```\n\n```\nuse std::fs::File;\n\nmod foo {\n    // either\n    use super::File;\n    // or\n    // use std::fs::File;\n    fn foo(f: File) {}\n}\n# fn main() {} // don't insert it for us; that'll break imports\n```\n"},"level":"error","spans":[{"file_name":"src/lib.rs","byte_start":2167,"byte_end":2170,"line_start":80,"line_end":80,"column_start":44,"column_end":47,"is_primary":true,"text":[{"text":"    pub static ref NET_DRIVERS: RwLock<Vec<Arc<dyn NetDriver>>> = RwLock::new(Vec::new());","highlight_start":44,"highlight_end":47}],"label":"not found in this scope","suggested_replacement":null,"suggestion_applicability":null,"expansion":null}],"children":[{"message":"consider importing this struct","code":null,"level":"help","spans":[{"file_name":"src/lib.rs","byte_start":31,"byte_end":31,"line_start":3,"line_end":3,"column_start":1,"column_end":1,"is_primary":true,"text":[{"text":"use alloc::string::String;","highlight_start":1,"highlight_end":1}],"label":null,"suggested_replacement":"use alloc::sync::Arc;\n","suggestion_applicability":"Unspecified","expansion":null}],"children":[],"rendered":null}],"rendered":"\u001b[0m\u001b[1m\u001b[38;5;9merror[E0412]\u001b[0m\u001b[0m\u001b[1m: cannot find type `Arc` in this scope\u001b[0m\n\u001b[0m  \u001b[0m\u001b[0m\u001b[1m\u001b[38;5;12m--> \u001b[0m\u001b[0msrc/lib.rs:80:44\u001b[0m\n\u001b[0m   \u001b[0m\u001b[0m\u001b[1m\u001b[38;5;12m|\u001b[0m\n\u001b[0m\u001b[1m\u001b[38;5;12m80\u001b[0m\u001b[0m \u001b[0m\u001b[0m\u001b[1m\u001b[38;5;12m| \u001b[0m\u001b[0m    pub static ref NET_DRIVERS: RwLock<Vec<Arc<dyn NetDriver>>> = RwLock::new(Vec::new());\u001b[0m\n\u001b[0m   \u001b[0m\u001b[0m\u001b[1m\u001b[38;5;12m| \u001b[0m\u001b[0m                                           \u001b[0m\u001b[0m\u001b[1m\u001b[38;5;9m^^^\u001b[0m\u001b[0m \u001b[0m\u001b[0m\u001b[1m\u001b[38;5;9mnot found in this scope\u001b[0m\n\u001b[0m   \u001b[0m\u001b[0m\u001b[1m\u001b[38;5;12m|\u001b[0m\n\u001b[0m\u001b[1m\u001b[38;5;14mhelp\u001b[0m\u001b[0m: consider importing this struct\u001b[0m\n\u001b[0m   \u001b[0m\u001b[0m\u001b[1m\u001b[38;5;12m|\u001b[0m\n\u001b[0m\u001b[1m\u001b[38;5;12m3\u001b[0m\u001b[0m  \u001b[0m\u001b[0m\u001b[1m\u001b[38;5;12m| \u001b[0m\u001b[0muse alloc::sync::Arc;\u001b[0m\n\u001b[0m   \u001b[0m\u001b[0m\u001b[1m\u001b[38;5;12m|\u001b[0m\n\n"}
{"message":"aborting due to 6 previous errors","code":null,"level":"error","spans":[],"children":[],"rendered":"\u001b[0m\u001b[1m\u001b[38;5;9merror\u001b[0m\u001b[0m\u001b[1m: aborting due to 6 previous errors\u001b[0m\n\n"}
{"message":"Some errors have detailed explanations: E0412, E0433.","code":null,"level":"failure-note","spans":[],"children":[],"rendered":"\u001b[0m\u001b[1mSome errors have detailed explanations: E0412, E0433.\u001b[0m\n"}
{"message":"For more information about an error, try `rustc --explain E0412`.","code":null,"level":"failure-note","spans":[],"children":[],"rendered":"\u001b[0m\u001b[1mFor more information about an error, try `rustc --explain E0412`.\u001b[0m\n"}
